<?xml version="1.0" encoding="UTF-8"?>
<testsuite name="com.jojoldu.book.springboot.web.IndexControllerTest" tests="1" skipped="0" failures="0" errors="0" timestamp="2022-01-15T01:31:44" hostname="JEFRIC-LAPTOP" time="0.169">
  <properties/>
  <testcase name="loading_Index" classname="com.jojoldu.book.springboot.web.IndexControllerTest" time="0.169"/>
  <system-out><![CDATA[2022-01-15 10:31:42.061  INFO 47080 --- [    Test worker] .b.t.c.SpringBootTestContextBootstrapper : Neither @ContextConfiguration nor @ContextHierarchy found for test class [com.jojoldu.book.springboot.web.IndexControllerTest], using SpringBootContextLoader
2022-01-15 10:31:42.062  INFO 47080 --- [    Test worker] o.s.t.c.support.AbstractContextLoader    : Could not detect default resource locations for test class [com.jojoldu.book.springboot.web.IndexControllerTest]: no resource found for suffixes {-context.xml, Context.groovy}.
2022-01-15 10:31:42.062  INFO 47080 --- [    Test worker] t.c.s.AnnotationConfigContextLoaderUtils : Could not detect default configuration classes for test class [com.jojoldu.book.springboot.web.IndexControllerTest]: IndexControllerTest does not declare any static, non-private, non-final, nested classes annotated with @Configuration.
2022-01-15 10:31:42.064  INFO 47080 --- [    Test worker] .b.t.c.SpringBootTestContextBootstrapper : Found @SpringBootConfiguration com.jojoldu.book.springboot.Application for test class com.jojoldu.book.springboot.web.IndexControllerTest
2022-01-15 10:31:42.066  INFO 47080 --- [    Test worker] .b.t.c.SpringBootTestContextBootstrapper : Loaded default TestExecutionListener class names from location [META-INF/spring.factories]: [org.springframework.security.test.context.support.WithSecurityContextTestExecutionListener, org.springframework.security.test.context.support.ReactorContextTestExecutionListener, org.springframework.boot.test.autoconfigure.restdocs.RestDocsTestExecutionListener, org.springframework.boot.test.autoconfigure.web.client.MockRestServiceServerResetTestExecutionListener, org.springframework.boot.test.autoconfigure.web.servlet.MockMvcPrintOnlyOnFailureTestExecutionListener, org.springframework.boot.test.autoconfigure.web.servlet.WebDriverTestExecutionListener, org.springframework.boot.test.mock.mockito.MockitoTestExecutionListener, org.springframework.boot.test.mock.mockito.ResetMocksTestExecutionListener, org.springframework.test.context.web.ServletTestExecutionListener, org.springframework.test.context.support.DirtiesContextBeforeModesTestExecutionListener, org.springframework.test.context.support.DependencyInjectionTestExecutionListener, org.springframework.test.context.support.DirtiesContextTestExecutionListener, org.springframework.test.context.transaction.TransactionalTestExecutionListener, org.springframework.test.context.jdbc.SqlScriptsTestExecutionListener]
2022-01-15 10:31:42.067  INFO 47080 --- [    Test worker] .b.t.c.SpringBootTestContextBootstrapper : Using TestExecutionListeners: [org.springframework.test.context.web.ServletTestExecutionListener@7dde0a9, org.springframework.test.context.support.DirtiesContextBeforeModesTestExecutionListener@5d43869f, org.springframework.boot.test.mock.mockito.MockitoTestExecutionListener@3f6a5256, org.springframework.boot.test.autoconfigure.SpringBootDependencyInjectionTestExecutionListener@3a7db082, org.springframework.test.context.support.DirtiesContextTestExecutionListener@52cdd7cc, org.springframework.test.context.transaction.TransactionalTestExecutionListener@137bc474, org.springframework.test.context.jdbc.SqlScriptsTestExecutionListener@7e6edcaf, org.springframework.security.test.context.support.WithSecurityContextTestExecutionListener@29c09a40, org.springframework.security.test.context.support.ReactorContextTestExecutionListener@150f4b03, org.springframework.boot.test.autoconfigure.restdocs.RestDocsTestExecutionListener@589a75b2, org.springframework.boot.test.autoconfigure.web.client.MockRestServiceServerResetTestExecutionListener@509941aa, org.springframework.boot.test.autoconfigure.web.servlet.MockMvcPrintOnlyOnFailureTestExecutionListener@7d26c363, org.springframework.boot.test.autoconfigure.web.servlet.WebDriverTestExecutionListener@121ed897, org.springframework.boot.test.mock.mockito.ResetMocksTestExecutionListener@19221883]

  .   ____          _            __ _ _
 /\\ / ___'_ __ _ _(_)_ __  __ _ \ \ \ \
( ( )\___ | '_ | '_| | '_ \/ _` | \ \ \ \
 \\/  ___)| |_)| | | | | || (_| |  ) ) ) )
  '  |____| .__|_| |_|_| |_\__, | / / / /
 =========|_|==============|___/=/_/_/_/
 :: Spring Boot ::        (v2.1.9.RELEASE)

2022-01-15 10:31:42.102  INFO 47080 --- [    Test worker] c.j.b.s.web.IndexControllerTest          : Starting IndexControllerTest on jefric-laptop with PID 47080 (started by Jefric in C:\dev_study\book)
2022-01-15 10:31:42.102  INFO 47080 --- [    Test worker] c.j.b.s.web.IndexControllerTest          : No active profile set, falling back to default profiles: default
2022-01-15 10:31:42.322  INFO 47080 --- [    Test worker] .s.d.r.c.RepositoryConfigurationDelegate : Bootstrapping Spring Data repositories in DEFAULT mode.
2022-01-15 10:31:42.349  INFO 47080 --- [    Test worker] .s.d.r.c.RepositoryConfigurationDelegate : Finished Spring Data repository scanning in 27ms. Found 2 repository interfaces.
2022-01-15 10:31:42.439  INFO 47080 --- [    Test worker] trationDelegate$BeanPostProcessorChecker : Bean 'org.springframework.transaction.annotation.ProxyTransactionManagementConfiguration' of type [org.springframework.transaction.annotation.ProxyTransactionManagementConfiguration$$EnhancerBySpringCGLIB$$cbb0c125] is not eligible for getting processed by all BeanPostProcessors (for example: not eligible for auto-proxying)
2022-01-15 10:31:42.664  INFO 47080 --- [    Test worker] o.s.b.w.embedded.tomcat.TomcatWebServer  : Tomcat initialized with port(s): 0 (http)
2022-01-15 10:31:42.693  INFO 47080 --- [    Test worker] o.apache.catalina.core.StandardService   : Starting service [Tomcat]
2022-01-15 10:31:42.693  INFO 47080 --- [    Test worker] org.apache.catalina.core.StandardEngine  : Starting Servlet engine: [Apache Tomcat/9.0.26]
2022-01-15 10:31:42.867  INFO 47080 --- [    Test worker] o.a.c.c.C.[Tomcat].[localhost].[/]       : Initializing Spring embedded WebApplicationContext
2022-01-15 10:31:42.867  INFO 47080 --- [    Test worker] o.s.web.context.ContextLoader            : Root WebApplicationContext: initialization completed in 762 ms
2022-01-15 10:31:43.045  INFO 47080 --- [    Test worker] com.zaxxer.hikari.HikariDataSource       : HikariPool-2 - Starting...
2022-01-15 10:31:43.047  INFO 47080 --- [    Test worker] com.zaxxer.hikari.HikariDataSource       : HikariPool-2 - Start completed.
2022-01-15 10:31:43.084  INFO 47080 --- [    Test worker] o.hibernate.jpa.internal.util.LogHelper  : HHH000204: Processing PersistenceUnitInfo [
	name: default
	...]
2022-01-15 10:31:43.096  INFO 47080 --- [    Test worker] org.hibernate.dialect.Dialect            : HHH000400: Using dialect: org.hibernate.dialect.MySQL5InnoDBDialect
Hibernate: drop table if exists posts
Hibernate: drop table if exists user
Hibernate: create table posts (id bigint not null auto_increment, created_date datetime, modified_date datetime, author varchar(255), content TEXT not null, title varchar(500) not null, primary key (id)) engine=InnoDB
Hibernate: create table user (id bigint not null auto_increment, created_date datetime, modified_date datetime, email varchar(255) not null, name varchar(255) not null, picture varchar(255), role varchar(255) not null, primary key (id)) engine=InnoDB
2022-01-15 10:31:43.144  INFO 47080 --- [    Test worker] o.h.t.schema.internal.SchemaCreatorImpl  : HHH000476: Executing import script 'org.hibernate.tool.schema.internal.exec.ScriptSourceInputNonExistentImpl@44bb87ca'
2022-01-15 10:31:43.145  INFO 47080 --- [    Test worker] j.LocalContainerEntityManagerFactoryBean : Initialized JPA EntityManagerFactory for persistence unit 'default'
2022-01-15 10:31:43.442  INFO 47080 --- [    Test worker] o.h.h.i.QueryTranslatorFactoryInitiator  : HHH000397: Using ASTQueryTranslatorFactory
2022-01-15 10:31:43.575  INFO 47080 --- [    Test worker] o.s.s.web.DefaultSecurityFilterChain     : Creating filter chain: any request, [org.springframework.security.web.context.request.async.WebAsyncManagerIntegrationFilter@41a3b708, org.springframework.security.web.context.SecurityContextPersistenceFilter@2ce4a475, org.springframework.security.web.header.HeaderWriterFilter@120edca3, org.springframework.security.web.authentication.logout.LogoutFilter@57c334a9, org.springframework.security.oauth2.client.web.OAuth2AuthorizationRequestRedirectFilter@140106d, org.springframework.security.oauth2.client.web.OAuth2LoginAuthenticationFilter@7fe3dbb8, org.springframework.security.web.authentication.ui.DefaultLoginPageGeneratingFilter@5e0de411, org.springframework.security.web.authentication.ui.DefaultLogoutPageGeneratingFilter@61b618d0, org.springframework.security.web.savedrequest.RequestCacheAwareFilter@28ff3200, org.springframework.security.web.servletapi.SecurityContextHolderAwareRequestFilter@4cf00878, org.springframework.security.web.authentication.AnonymousAuthenticationFilter@60f4bff3, org.springframework.security.web.session.SessionManagementFilter@717c627d, org.springframework.security.web.access.ExceptionTranslationFilter@45b824e5, org.springframework.security.web.access.intercept.FilterSecurityInterceptor@17a6f26e]
2022-01-15 10:31:43.730  INFO 47080 --- [    Test worker] o.s.s.concurrent.ThreadPoolTaskExecutor  : Initializing ExecutorService 'applicationTaskExecutor'
2022-01-15 10:31:43.740  WARN 47080 --- [    Test worker] aWebConfiguration$JpaWebMvcConfiguration : spring.jpa.open-in-view is enabled by default. Therefore, database queries may be performed during view rendering. Explicitly configure spring.jpa.open-in-view to disable this warning
2022-01-15 10:31:43.766  INFO 47080 --- [    Test worker] o.s.b.a.w.s.WelcomePageHandlerMapping    : Adding welcome page template: index
2022-01-15 10:31:43.997  INFO 47080 --- [    Test worker] s.a.ScheduledAnnotationBeanPostProcessor : No TaskScheduler/ScheduledExecutorService bean found for scheduled processing
2022-01-15 10:31:44.013  INFO 47080 --- [    Test worker] o.s.b.w.embedded.tomcat.TomcatWebServer  : Tomcat started on port(s): 12853 (http) with context path ''
2022-01-15 10:31:44.014  INFO 47080 --- [    Test worker] c.j.b.s.web.IndexControllerTest          : Started IndexControllerTest in 1.946 seconds (JVM running for 11.693)
2022-01-15 10:31:44.091  INFO 47080 --- [o-auto-1-exec-1] o.a.c.c.C.[Tomcat].[localhost].[/]       : Initializing Spring DispatcherServlet 'dispatcherServlet'
2022-01-15 10:31:44.092  INFO 47080 --- [o-auto-1-exec-1] o.s.web.servlet.DispatcherServlet        : Initializing Servlet 'dispatcherServlet'
2022-01-15 10:31:44.108  INFO 47080 --- [o-auto-1-exec-1] o.s.web.servlet.DispatcherServlet        : Completed initialization in 16 ms
Hibernate: select posts0_.id as id1_0_, posts0_.created_date as created_2_0_, posts0_.modified_date as modified3_0_, posts0_.author as author4_0_, posts0_.content as content5_0_, posts0_.title as title6_0_ from posts posts0_ order by posts0_.id DESC
]]></system-out>
  <system-err><![CDATA[]]></system-err>
</testsuite>
