<?xml version="1.0" encoding="UTF-8"?>
<testsuite name="com.jojoldu.book.springboot.web.PostsApiControllerTest" tests="2" skipped="0" failures="0" errors="0" timestamp="2022-01-15T01:31:44" hostname="JEFRIC-LAPTOP" time="0.079">
  <properties/>
  <testcase name="register_Posts" classname="com.jojoldu.book.springboot.web.PostsApiControllerTest" time="0.057"/>
  <testcase name="expect_Modify_Posts" classname="com.jojoldu.book.springboot.web.PostsApiControllerTest" time="0.021"/>
  <system-out><![CDATA[2022-01-15 10:31:44.192  INFO 47080 --- [    Test worker] .b.t.c.SpringBootTestContextBootstrapper : Neither @ContextConfiguration nor @ContextHierarchy found for test class [com.jojoldu.book.springboot.web.PostsApiControllerTest], using SpringBootContextLoader
2022-01-15 10:31:44.193  INFO 47080 --- [    Test worker] o.s.t.c.support.AbstractContextLoader    : Could not detect default resource locations for test class [com.jojoldu.book.springboot.web.PostsApiControllerTest]: no resource found for suffixes {-context.xml, Context.groovy}.
2022-01-15 10:31:44.193  INFO 47080 --- [    Test worker] t.c.s.AnnotationConfigContextLoaderUtils : Could not detect default configuration classes for test class [com.jojoldu.book.springboot.web.PostsApiControllerTest]: PostsApiControllerTest does not declare any static, non-private, non-final, nested classes annotated with @Configuration.
2022-01-15 10:31:44.200  INFO 47080 --- [    Test worker] .b.t.c.SpringBootTestContextBootstrapper : Found @SpringBootConfiguration com.jojoldu.book.springboot.Application for test class com.jojoldu.book.springboot.web.PostsApiControllerTest
2022-01-15 10:31:44.202  INFO 47080 --- [    Test worker] .b.t.c.SpringBootTestContextBootstrapper : Loaded default TestExecutionListener class names from location [META-INF/spring.factories]: [org.springframework.security.test.context.support.WithSecurityContextTestExecutionListener, org.springframework.security.test.context.support.ReactorContextTestExecutionListener, org.springframework.boot.test.autoconfigure.restdocs.RestDocsTestExecutionListener, org.springframework.boot.test.autoconfigure.web.client.MockRestServiceServerResetTestExecutionListener, org.springframework.boot.test.autoconfigure.web.servlet.MockMvcPrintOnlyOnFailureTestExecutionListener, org.springframework.boot.test.autoconfigure.web.servlet.WebDriverTestExecutionListener, org.springframework.boot.test.mock.mockito.MockitoTestExecutionListener, org.springframework.boot.test.mock.mockito.ResetMocksTestExecutionListener, org.springframework.test.context.web.ServletTestExecutionListener, org.springframework.test.context.support.DirtiesContextBeforeModesTestExecutionListener, org.springframework.test.context.support.DependencyInjectionTestExecutionListener, org.springframework.test.context.support.DirtiesContextTestExecutionListener, org.springframework.test.context.transaction.TransactionalTestExecutionListener, org.springframework.test.context.jdbc.SqlScriptsTestExecutionListener]
2022-01-15 10:31:44.203  INFO 47080 --- [    Test worker] .b.t.c.SpringBootTestContextBootstrapper : Using TestExecutionListeners: [org.springframework.test.context.web.ServletTestExecutionListener@a2948ed, org.springframework.test.context.support.DirtiesContextBeforeModesTestExecutionListener@2b679fe1, org.springframework.boot.test.mock.mockito.MockitoTestExecutionListener@6ace30c3, org.springframework.boot.test.autoconfigure.SpringBootDependencyInjectionTestExecutionListener@58083348, org.springframework.test.context.support.DirtiesContextTestExecutionListener@18a66684, org.springframework.test.context.transaction.TransactionalTestExecutionListener@fa96ae6, org.springframework.test.context.jdbc.SqlScriptsTestExecutionListener@14fa1bf8, org.springframework.security.test.context.support.WithSecurityContextTestExecutionListener@df1e85c, org.springframework.security.test.context.support.ReactorContextTestExecutionListener@26483d20, org.springframework.boot.test.autoconfigure.restdocs.RestDocsTestExecutionListener@62729d55, org.springframework.boot.test.autoconfigure.web.client.MockRestServiceServerResetTestExecutionListener@26137f38, org.springframework.boot.test.autoconfigure.web.servlet.MockMvcPrintOnlyOnFailureTestExecutionListener@2422d0ae, org.springframework.boot.test.autoconfigure.web.servlet.WebDriverTestExecutionListener@43e44837, org.springframework.boot.test.mock.mockito.ResetMocksTestExecutionListener@350aed2b]
2022-01-15 10:31:44.210  INFO 47080 --- [    Test worker] o.a.c.c.C.[Tomcat].[localhost].[/]       : Initializing Spring TestDispatcherServlet ''
2022-01-15 10:31:44.210  INFO 47080 --- [    Test worker] o.s.t.web.servlet.TestDispatcherServlet  : Initializing Servlet ''
2022-01-15 10:31:44.212  INFO 47080 --- [    Test worker] o.s.t.web.servlet.TestDispatcherServlet  : Completed initialization in 2 ms
Hibernate: insert into posts (created_date, modified_date, author, content, title) values (?, ?, ?, ?, ?)
Hibernate: select posts0_.id as id1_0_, posts0_.created_date as created_2_0_, posts0_.modified_date as modified3_0_, posts0_.author as author4_0_, posts0_.content as content5_0_, posts0_.title as title6_0_ from posts posts0_
2022-01-15 10:31:44.265  INFO 47080 --- [    Test worker] o.a.c.c.C.[Tomcat].[localhost].[/]       : Initializing Spring TestDispatcherServlet ''
2022-01-15 10:31:44.265  INFO 47080 --- [    Test worker] o.s.t.web.servlet.TestDispatcherServlet  : Initializing Servlet ''
2022-01-15 10:31:44.267  INFO 47080 --- [    Test worker] o.s.t.web.servlet.TestDispatcherServlet  : Completed initialization in 1 ms
Hibernate: insert into posts (created_date, modified_date, author, content, title) values (?, ?, ?, ?, ?)
Hibernate: select posts0_.id as id1_0_0_, posts0_.created_date as created_2_0_0_, posts0_.modified_date as modified3_0_0_, posts0_.author as author4_0_0_, posts0_.content as content5_0_0_, posts0_.title as title6_0_0_ from posts posts0_ where posts0_.id=?
Hibernate: select posts0_.id as id1_0_, posts0_.created_date as created_2_0_, posts0_.modified_date as modified3_0_, posts0_.author as author4_0_, posts0_.content as content5_0_, posts0_.title as title6_0_ from posts posts0_
]]></system-out>
  <system-err><![CDATA[]]></system-err>
</testsuite>
